<?xml version="1.0" encoding="UTF-8"?>
<!-- Generated by org.testng.reporters.JUnitReportReporter -->
<testsuite hostname="LAPTOP-IH94VMQ2" failures="0" tests="2" name="com.CrossBrowser.CrossBrowser" time="112.742" errors="0" timestamp="2022-09-17T14:30:06 IST" skipped="0">
  <testcase classname="com.CrossBrowser.CrossBrowser" name="test1" time="77.547"/>
  <system-out/>
  <testcase classname="com.CrossBrowser.CrossBrowser" name="test1" time="35.195"/>
  <system-out/>
</testsuite> <!-- com.CrossBrowser.CrossBrowser -->
