<?xml version="1.0" encoding="UTF-8"?>
<!-- Generated by org.testng.reporters.JUnitReportReporter -->
<testsuite hostname="LAPTOP-IH94VMQ2" failures="0" tests="1" name="com.MavenPractice2.Testcases" time="6.211" errors="0" timestamp="2022-10-09T16:46:06 IST" skipped="0">
  <testcase classname="com.MavenPractice2.Testcases" name="test" time="6.211"/>
</testsuite> <!-- com.MavenPractice2.Testcases -->
