<?xml version="1.0" encoding="UTF-8"?>
<!-- Generated by org.testng.reporters.JUnitReportReporter -->
<testsuite hostname="LAPTOP-IH94VMQ2" failures="0" tests="1" name="com.MavenPractice.Testcases" time="68.843" errors="0" timestamp="2022-10-09T14:32:24 IST" skipped="0">
  <testcase classname="com.MavenPractice.Testcases" name="main" time="68.843"/>
</testsuite> <!-- com.MavenPractice.Testcases -->
