<?xml version="1.0" encoding="UTF-8"?>
<!-- Generated by org.testng.reporters.JUnitReportReporter -->
<testsuite hostname="LAPTOP-IH94VMQ2" failures="0" tests="2" name="TESTNG.testng1" time="18.578" errors="0" timestamp="2022-09-14T14:13:43 IST" skipped="0">
  <testcase classname="TESTNG.testng1" name="launchapp" time="4.465"/>
  <system-out/>
  <testcase classname="TESTNG.testng1" name="Login" time="14.113"/>
  <system-out/>
</testsuite> <!-- TESTNG.testng1 -->
