<?xml version="1.0" encoding="UTF-8"?>
<!-- Generated by org.testng.reporters.JUnitReportReporter -->
<testsuite hostname="LAPTOP-IH94VMQ2" failures="0" tests="1" name="TestNGDemo.Class2" time="25.682" errors="0" timestamp="2022-09-16T12:24:08 IST" skipped="0">
  <testcase classname="TestNGDemo.Class2" name="browse2" time="25.682"/>
  <system-out/>
</testsuite> <!-- TestNGDemo.Class2 -->
