<?xml version="1.0" encoding="UTF-8"?>
<!-- Generated by org.testng.reporters.JUnitReportReporter -->
<testsuite hostname="LAPTOP-IH94VMQ2" failures="0" tests="1" name="TESTNG.testng2" time="34.688" errors="0" timestamp="2022-09-14T14:13:43 IST" skipped="0">
  <testcase classname="TESTNG.testng2" name="URL" time="34.688"/>
  <system-out/>
</testsuite> <!-- TESTNG.testng2 -->
