<?xml version="1.0" encoding="UTF-8"?>
<!-- Generated by org.testng.reporters.JUnitReportReporter -->
<testsuite hostname="LAPTOP-IH94VMQ2" failures="0" tests="1" name="com.testNGpackage.SampletestNGProgram" time="0.016" errors="0" timestamp="2022-09-14T12:30:48 IST" skipped="0">
  <testcase classname="com.testNGpackage.SampletestNGProgram" name="test" time="0.016"/>
  <system-out/>
</testsuite> <!-- com.testNGpackage.SampletestNGProgram -->
