<?xml version="1.0" encoding="UTF-8"?>
<!-- Generated by org.testng.reporters.JUnitReportReporter -->
<testsuite hostname="LAPTOP-IH94VMQ2" failures="0" tests="3" name="TestNGDemo.DataProvDemo" time="22.741" errors="0" timestamp="2022-09-15T13:33:25 IST" skipped="0">
  <testcase classname="TestNGDemo.DataProvDemo" name="scroll" time="8.692"/>
  <system-out/>
  <testcase classname="TestNGDemo.DataProvDemo" name="login" time="7.299"/>
  <system-out/>
  <testcase classname="TestNGDemo.DataProvDemo" name="login" time="6.750"/>
  <system-out/>
</testsuite> <!-- TestNGDemo.DataProvDemo -->
