<?xml version="1.0" encoding="UTF-8"?>
<!-- Generated by org.testng.reporters.JUnitReportReporter -->
<testsuite hostname="LAPTOP-IH94VMQ2" failures="0" tests="2" name="TestNGDemo.ParamDemo" time="86.202" errors="0" timestamp="2022-09-15T12:24:48 IST" skipped="0">
  <testcase classname="TestNGDemo.ParamDemo" name="scroll" time="70.946"/>
  <system-out/>
  <testcase classname="TestNGDemo.ParamDemo" name="login" time="15.256"/>
  <system-out/>
</testsuite> <!-- TestNGDemo.ParamDemo -->
