<?xml version="1.0" encoding="UTF-8"?>
<!-- Generated by org.testng.reporters.JUnitReportReporter -->
<testsuite hostname="LAPTOP-IH94VMQ2" failures="0" tests="2" name="com.testNGpackage.TestAnnotationsExec" time="0.112" errors="0" timestamp="2022-09-14T12:30:48 IST" skipped="0">
  <testcase classname="com.testNGpackage.TestAnnotationsExec" name="test1" time="0.004"/>
  <system-out/>
  <testcase classname="com.testNGpackage.TestAnnotationsExec" name="test" time="0.108"/>
  <system-out/>
</testsuite> <!-- com.testNGpackage.TestAnnotationsExec -->
