<?xml version="1.0" encoding="UTF-8"?>
<!-- Generated by org.testng.reporters.JUnitReportReporter -->
<testsuite hostname="LAPTOP-IH94VMQ2" failures="0" tests="2" name="TestNGDemo.parallelDemo" time="69.303" errors="0" timestamp="2022-09-15T23:42:52 IST" skipped="0">
  <testcase classname="TestNGDemo.parallelDemo" name="browse1" time="22.810"/>
  <system-out/>
  <testcase classname="TestNGDemo.parallelDemo" name="browse2" time="46.493"/>
  <system-out/>
</testsuite> <!-- TestNGDemo.parallelDemo -->
