<?xml version="1.0" encoding="UTF-8"?>
<!-- Generated by org.testng.reporters.JUnitReportReporter -->
<testsuite hostname="LAPTOP-IH94VMQ2" failures="0" tests="2" name="com.testcases.DataDrivenTest" time="29.976" errors="0" timestamp="2022-09-29T13:33:30 IST" skipped="0">
  <testcase classname="com.testcases.DataDrivenTest" name="test" time="16.683"/>
  <testcase classname="com.testcases.DataDrivenTest" name="test" time="13.293"/>
</testsuite> <!-- com.testcases.DataDrivenTest -->
