<?xml version="1.0" encoding="UTF-8"?>
<!-- Generated by org.testng.reporters.JUnitReportReporter -->
<testsuite hostname="LAPTOP-IH94VMQ2" failures="0" tests="1" name="com.excelreadwrite.ReadExcel" time="0.587" errors="0" timestamp="2022-09-28T13:13:46 IST" skipped="0">
  <testcase classname="com.excelreadwrite.ReadExcel" name="readexcel" time="0.587"/>
  <system-out/>
</testsuite> <!-- com.excelreadwrite.ReadExcel -->
