<?xml version="1.0" encoding="UTF-8"?>
<!-- Generated by org.testng.reporters.JUnitReportReporter -->
<testsuite hostname="LAPTOP-IH94VMQ2" failures="0" tests="10" name="com.excelreadwrite.Writevalue3" time="1.147" errors="0" timestamp="2022-09-27T12:24:51 IST" skipped="0">
  <testcase classname="com.excelreadwrite.Writevalue3" name="Writevalue5" time="0.054"/>
  <system-out/>
  <testcase classname="com.excelreadwrite.Writevalue3" name="Writevalue10" time="0.147"/>
  <system-out/>
  <testcase classname="com.excelreadwrite.Writevalue3" name="Writevalue6" time="0.064"/>
  <system-out/>
  <testcase classname="com.excelreadwrite.Writevalue3" name="Writevalue9" time="0.042"/>
  <system-out/>
  <testcase classname="com.excelreadwrite.Writevalue3" name="Writevalue1" time="0.599"/>
  <system-out/>
  <testcase classname="com.excelreadwrite.Writevalue3" name="Writevalue3" time="0.051"/>
  <system-out/>
  <testcase classname="com.excelreadwrite.Writevalue3" name="Writevalue8" time="0.040"/>
  <system-out/>
  <testcase classname="com.excelreadwrite.Writevalue3" name="Writevalue7" time="0.047"/>
  <system-out/>
  <testcase classname="com.excelreadwrite.Writevalue3" name="Writevalue2" time="0.058"/>
  <system-out/>
  <testcase classname="com.excelreadwrite.Writevalue3" name="Writevalue4" time="0.045"/>
  <system-out/>
</testsuite> <!-- com.excelreadwrite.Writevalue3 -->
