<?xml version="1.0" encoding="UTF-8"?>
<!-- Generated by org.testng.reporters.JUnitReportReporter -->
<testsuite hostname="LAPTOP-IH94VMQ2" failures="0" tests="1" name="com.utility.NewExcelLibrary" time="0.504" errors="0" timestamp="2022-09-28T13:30:38 IST" skipped="0">
  <testcase classname="com.utility.NewExcelLibrary" name="readexcel" time="0.504"/>
  <system-out/>
</testsuite> <!-- com.utility.NewExcelLibrary -->
