<?xml version="1.0" encoding="UTF-8"?>
<!-- Generated by org.testng.reporters.JUnitReportReporter -->
<testsuite hostname="LAPTOP-IH94VMQ2" failures="0" tests="1" name="com.excelreadwrite.Exceltest" time="0.009" errors="0" timestamp="2022-09-28T13:53:45 IST" skipped="0">
  <testcase classname="com.excelreadwrite.Exceltest" name="test1" time="0.009"/>
  <system-out/>
</testsuite> <!-- com.excelreadwrite.Exceltest -->
