<?xml version="1.0" encoding="UTF-8"?>
<!-- Generated by org.testng.reporters.JUnitReportReporter -->
<testsuite hostname="LAPTOP-IH94VMQ2" failures="0" tests="1" name="com.excelreadwrite.Test2" time="0.647" errors="0" timestamp="2022-09-28T12:45:00 IST" skipped="0">
  <testcase classname="com.excelreadwrite.Test2" name="test2" time="0.647"/>
  <system-out/>
</testsuite> <!-- com.excelreadwrite.Test2 -->
