<?xml version="1.0" encoding="UTF-8"?>
<!-- Generated by org.testng.reporters.JUnitReportReporter -->
<testsuite hostname="LAPTOP-IH94VMQ2" failures="0" tests="1" name="AddRemove.AddRemove" time="0.595" errors="0" timestamp="2022-09-28T12:33:10 IST" skipped="0">
  <testcase classname="AddRemove.AddRemove" name="excel" time="0.595"/>
  <system-out/>
</testsuite> <!-- AddRemove.AddRemove -->
