<?xml version="1.0" encoding="UTF-8"?>
<!-- Generated by org.testng.reporters.JUnitReportReporter -->
<testsuite hostname="LAPTOP-IH94VMQ2" failures="0" tests="10" name="com.excelreadwrite.writevalue" time="1.197" errors="0" timestamp="2022-09-27T12:26:28 IST" skipped="0">
  <testcase classname="com.excelreadwrite.writevalue" name="Writevalue3" time="0.049"/>
  <system-out/>
  <testcase classname="com.excelreadwrite.writevalue" name="Writevalue6" time="0.059"/>
  <system-out/>
  <testcase classname="com.excelreadwrite.writevalue" name="Writevalue2" time="0.058"/>
  <system-out/>
  <testcase classname="com.excelreadwrite.writevalue" name="Writevalue4" time="0.053"/>
  <system-out/>
  <testcase classname="com.excelreadwrite.writevalue" name="Writevalue7" time="0.062"/>
  <system-out/>
  <testcase classname="com.excelreadwrite.writevalue" name="Writevalue9" time="0.054"/>
  <system-out/>
  <testcase classname="com.excelreadwrite.writevalue" name="Writevalue1" time="0.684"/>
  <system-out/>
  <testcase classname="com.excelreadwrite.writevalue" name="Writevalue8" time="0.043"/>
  <system-out/>
  <testcase classname="com.excelreadwrite.writevalue" name="Writevalue10" time="0.069"/>
  <system-out/>
  <testcase classname="com.excelreadwrite.writevalue" name="Writevalue5" time="0.066"/>
  <system-out/>
</testsuite> <!-- com.excelreadwrite.writevalue -->
