<?xml version="1.0" encoding="UTF-8"?>
<!-- Generated by org.testng.reporters.JUnitReportReporter -->
<testsuite hostname="LAPTOP-IH94VMQ2" failures="0" tests="1" name="AddRemove.Test1" time="0.485" errors="0" timestamp="2022-09-28T12:45:54 IST" skipped="0">
  <testcase classname="AddRemove.Test1" name="test" time="0.485"/>
  <system-out/>
</testsuite> <!-- AddRemove.Test1 -->
