<?xml version="1.0" encoding="UTF-8"?>
<!-- Generated by org.testng.reporters.JUnitReportReporter -->
<testsuite hostname="LAPTOP-IH94VMQ2" failures="0" tests="3" name="ITestlistenner.ClassB" time="0.003" errors="0" timestamp="2022-09-18T22:41:54 IST" skipped="0">
  <testcase classname="ITestlistenner.ClassB" name="sys6" time="0.001"/>
  <system-out/>
  <testcase classname="ITestlistenner.ClassB" name="sys5" time="0.002"/>
  <system-out/>
  <testcase classname="ITestlistenner.ClassB" name="sys7" time="0.000"/>
  <system-out/>
</testsuite> <!-- ITestlistenner.ClassB -->
